Array A[5]: {0, 2, 4, 6, 8}
Written array A[5] to array B[3] with interpolation: {0, 4, 8}
Array A[6]: {0, 2, 4, 6, 8, 10}
Written array A[6] to array B[3] with interpolation: {0, 5, 10}
Array A[6]: {0, 2, 4, 6, 8, 10}
Written array A[6] to array B[4] with interpolation: {0, 3, 7, 10}
Array A[6]: {0, 2, 4, 6, 8, 10}
Written array A[6] to array B[5] with interpolation: {0, 3, 5, 7, 10}
Array A[6]: {0, 2, 4, 6, 8, 10}
Error in interFunc(): got equal sizes
Array A[6]: {0, 2, 4, 6, 8, 10}
Written array A[6] to array B[7] with interpolation: {0, 2, 4, 5, 6, 8, 10}
Array A[6]: {0, 2, 4, 6, 8, 10}
Written array A[6] to array B[8] with interpolation: {0, 2, 4, 6, 6, 6, 8, 10}
Array A[6]: {0, 2, 4, 6, 8, 10}
Written array A[6] to array B[9] with interpolation: {0, 2, 4, 6, 5, 4, 6, 8, 10}
Array A[6]: {0, 2, 4, 6, 8, 10}
Written array A[6] to array B[10] with interpolation: {0, 1, 2, 3, 4, 5, 6, 7, 8, 10}
Array A[6]: {0, 2, 4, 6, 8, 10}
Written array A[6] to array B[20] with interpolation: {0, 1, 1, 1, 2, 3, 3, 3, 4, 5, 5, 6, 6, 7, 8, 8, 8, 8, 10, 10}
Array A[7]: {0, 1, 3, 5, 7, 9, 11}
Written array A[7] to array B[8] with interpolation: {0, 1, 3, 5, 6, 7, 9, 11}
Array A[7]: {0, 1, 3, 5, 7, 9, 11}
Written array A[7] to array B[10] with interpolation: {0, 1, 3, 5, 7, 6, 5, 7, 9, 11}
Array A[7]: {0, 1, 3, 5, 7, 9, 11}
Written array A[7] to array B[11] with interpolation: {0, 1, 3, 5, 7, 5, 3, 5, 7, 9, 11}
Array A[3]: {0, 3, 6}
Written array A[3] to array B[4] with interpolation: {0, 2, 3, 6}
Array A[4]: {0, 2, 4, 6}
Written array A[4] to array B[3] with interpolation: {0, 3, 6}
